<?xml version="1.0" encoding="UTF-8"?>
<testsuite xmlns:xsi="http://www.w3.org/2001/XMLSchema-instance" xsi:noNamespaceSchemaLocation="https://maven.apache.org/surefire/maven-surefire-plugin/xsd/surefire-test-report-3.0.xsd" version="3.0" name="TestSuite" time="1.544" tests="12" errors="0" skipped="10" failures="2">
  <properties>
[...]
</properties>
  <testcase name="openBrowser" classname="TestCaseDemo.Test1" time="1.096">
    <failure message="Unable to obtain: chromedriver, error chromedriver must exist: C:\JAR\chromedriver-win64\chromedriver.exe&#10;For documentation on this error, please visit: https://www.selenium.dev/documentation/webdriver/troubleshooting/errors/driver_location/&#10;Build info: version: &apos;4.29.0&apos;, revision: &apos;5fc1ec94cb&apos;&#10;System info: os.name: &apos;Windows 11&apos;, os.arch: &apos;amd64&apos;, os.version: &apos;10.0&apos;, java.version: &apos;21.0.6&apos;&#10;Driver info: driver.version: ChromeDriver" type="org.openqa.selenium.remote.NoSuchDriverException"><![CDATA[org.openqa.selenium.remote.NoSuchDriverException: 
Unable to obtain: chromedriver, error chromedriver must exist: C:\JAR\chromedriver-win64\chromedriver.exe
For documentation on this error, please visit: https://www.selenium.dev/documentation/webdriver/troubleshooting/errors/driver_location/
Build info: version: '4.29.0', revision: '5fc1ec94cb'
System info: os.name: 'Windows 11', os.arch: 'amd64', os.version: '10.0', java.version: '21.0.6'
Driver info: driver.version: ChromeDriver
	at TestCaseDemo.Test1.openBrowser(Test1.java:36)
Caused by: java.lang.IllegalStateException: chromedriver must exist: C:\JAR\chromedriver-win64\chromedriver.exe
	at TestCaseDemo.Test1.openBrowser(Test1.java:36)
]]></failure>
  </testcase>
  <testcase name="openBrowser" classname="TestCaseDemo.Test1" time="0">
    <skipped/>
  </testcase>
  <testcase name="titleTest" classname="TestCaseDemo.Test1" time="0">
    <skipped message="Unable to obtain: chromedriver, error chromedriver must exist: C:\JAR\chromedriver-win64\chromedriver.exe&#10;For documentation on this error, please visit: https://www.selenium.dev/documentation/webdriver/troubleshooting/errors/driver_location/&#10;Build info: version: &apos;4.29.0&apos;, revision: &apos;5fc1ec94cb&apos;&#10;System info: os.name: &apos;Windows 11&apos;, os.arch: &apos;amd64&apos;, os.version: &apos;10.0&apos;, java.version: &apos;21.0.6&apos;&#10;Driver info: driver.version: ChromeDriver"/>
  </testcase>
  <testcase name="closeBrowser" classname="TestCaseDemo.Test1" time="0">
    <skipped/>
  </testcase>
  <testcase name="closeBrowser" classname="TestCaseDemo.Test1" time="0">
    <skipped/>
  </testcase>
  <testcase name="loginFunctionality" classname="TestCaseDemo.Test1" time="0">
    <skipped message="Unable to obtain: chromedriver, error chromedriver must exist: C:\JAR\chromedriver-win64\chromedriver.exe&#10;For documentation on this error, please visit: https://www.selenium.dev/documentation/webdriver/troubleshooting/errors/driver_location/&#10;Build info: version: &apos;4.29.0&apos;, revision: &apos;5fc1ec94cb&apos;&#10;System info: os.name: &apos;Windows 11&apos;, os.arch: &apos;amd64&apos;, os.version: &apos;10.0&apos;, java.version: &apos;21.0.6&apos;&#10;Driver info: driver.version: ChromeDriver"/>
  </testcase>
  <testcase name="generateReport" classname="TestCaseDemo.Test1" time="0">
    <skipped/>
    <system-out><![CDATA[==============================================================================================
Total Passed: 0(+0), Failures: 0(+0), Skips: 5(+5)
==============================================================================================
]]></system-out>
  </testcase>
  <testcase name="setup" classname="TestCaseDemo.Test2" time="0.024">
    <failure message="Unable to obtain: chromedriver, error chromedriver must exist: C:\JAR\chromedriver-win64\chromedriver.exe&#10;For documentation on this error, please visit: https://www.selenium.dev/documentation/webdriver/troubleshooting/errors/driver_location/&#10;Build info: version: &apos;4.29.0&apos;, revision: &apos;5fc1ec94cb&apos;&#10;System info: os.name: &apos;Windows 11&apos;, os.arch: &apos;amd64&apos;, os.version: &apos;10.0&apos;, java.version: &apos;21.0.6&apos;&#10;Driver info: driver.version: ChromeDriver" type="org.openqa.selenium.remote.NoSuchDriverException"><![CDATA[org.openqa.selenium.remote.NoSuchDriverException: 
Unable to obtain: chromedriver, error chromedriver must exist: C:\JAR\chromedriver-win64\chromedriver.exe
For documentation on this error, please visit: https://www.selenium.dev/documentation/webdriver/troubleshooting/errors/driver_location/
Build info: version: '4.29.0', revision: '5fc1ec94cb'
System info: os.name: 'Windows 11', os.arch: 'amd64', os.version: '10.0', java.version: '21.0.6'
Driver info: driver.version: ChromeDriver
	at TestCaseDemo.Test2.setup(Test2.java:36)
Caused by: java.lang.IllegalStateException: chromedriver must exist: C:\JAR\chromedriver-win64\chromedriver.exe
	at TestCaseDemo.Test2.setup(Test2.java:36)
]]></failure>
  </testcase>
  <testcase name="checkTitle" classname="TestCaseDemo.Test2" time="0">
    <skipped message="Unable to obtain: chromedriver, error chromedriver must exist: C:\JAR\chromedriver-win64\chromedriver.exe&#10;For documentation on this error, please visit: https://www.selenium.dev/documentation/webdriver/troubleshooting/errors/driver_location/&#10;Build info: version: &apos;4.29.0&apos;, revision: &apos;5fc1ec94cb&apos;&#10;System info: os.name: &apos;Windows 11&apos;, os.arch: &apos;amd64&apos;, os.version: &apos;10.0&apos;, java.version: &apos;21.0.6&apos;&#10;Driver info: driver.version: ChromeDriver"/>
  </testcase>
  <testcase name="loginFunctionality" classname="TestCaseDemo.Test2" time="0">
    <skipped message="Unable to obtain: chromedriver, error chromedriver must exist: C:\JAR\chromedriver-win64\chromedriver.exe&#10;For documentation on this error, please visit: https://www.selenium.dev/documentation/webdriver/troubleshooting/errors/driver_location/&#10;Build info: version: &apos;4.29.0&apos;, revision: &apos;5fc1ec94cb&apos;&#10;System info: os.name: &apos;Windows 11&apos;, os.arch: &apos;amd64&apos;, os.version: &apos;10.0&apos;, java.version: &apos;21.0.6&apos;&#10;Driver info: driver.version: ChromeDriver"/>
  </testcase>
  <testcase name="checkMyInfo" classname="TestCaseDemo.Test2" time="0">
    <skipped message="Method TestCaseDemo.Test2.checkMyInfo() on instance TestCaseDemo.Test2@6f8e8894 depends on not successfully finished methods &#10;[TestCaseDemo.Test2.loginFunctionality() on instance TestCaseDemo.Test2@6f8e8894]"/>
  </testcase>
  <testcase name="close" classname="TestCaseDemo.Test2" time="0">
    <skipped/>
  </testcase>
</testsuite>