<?xml version="1.0" encoding="UTF-8" ?>
<testsuite tests="5" failures="0" name="TestSuite" time="20.319" errors="0" skipped="0">
  <properties>
[...]
</properties>
  <testcase classname="TestCaseDemo.Test1" name="titleTest" time="0.053"/>
  <testcase classname="TestCaseDemo.Test1" name="loginFunctionality" time="1.892"/>
  <testcase classname="TestCaseDemo.Test2" name="checkTitle" time="0.013"/>
  <testcase classname="TestCaseDemo.Test2" name="loginFunctionality" time="1.831"/>
  <testcase classname="TestCaseDemo.Test2" name="checkMyInfo" time="1.599"/>
</testsuite>